апр. 01, 2023 6:13:06 PM main main
INFO: Присвоил tmp для сортировки
апр. 01, 2023 6:13:06 PM main main
INFO: Значения меньшее убираю влево
апр. 01, 2023 6:13:06 PM main main
INFO: [4, 5, 4, 10, 1, 5, 5, 10, 3, 3]
апр. 01, 2023 6:13:06 PM main main
INFO: [4, 5, 4, 10, 1, 5, 5, 10, 3, 3]
апр. 01, 2023 6:13:06 PM main main
INFO: [4, 5, 4, 10, 1, 5, 5, 10, 3, 3]
апр. 01, 2023 6:13:06 PM main main
INFO: Присвоил tmp для сортировки
апр. 01, 2023 6:13:06 PM main main
INFO: Значения меньшее убираю влево
апр. 01, 2023 6:13:06 PM main main
INFO: [1, 5, 4, 10, 4, 5, 5, 10, 3, 3]
апр. 01, 2023 6:13:06 PM main main
INFO: [1, 5, 4, 10, 4, 5, 5, 10, 3, 3]
апр. 01, 2023 6:13:06 PM main main
INFO: [1, 5, 4, 10, 4, 5, 5, 10, 3, 3]
апр. 01, 2023 6:13:06 PM main main
INFO: [1, 5, 4, 10, 4, 5, 5, 10, 3, 3]
апр. 01, 2023 6:13:06 PM main main
INFO: [1, 5, 4, 10, 4, 5, 5, 10, 3, 3]
апр. 01, 2023 6:13:06 PM main main
INFO: [1, 5, 4, 10, 4, 5, 5, 10, 3, 3]
апр. 01, 2023 6:13:06 PM main main
INFO: Присвоил tmp для сортировки
апр. 01, 2023 6:13:06 PM main main
INFO: Значения меньшее убираю влево
апр. 01, 2023 6:13:06 PM main main
INFO: [1, 4, 5, 10, 4, 5, 5, 10, 3, 3]
апр. 01, 2023 6:13:06 PM main main
INFO: [1, 4, 5, 10, 4, 5, 5, 10, 3, 3]
апр. 01, 2023 6:13:06 PM main main
INFO: [1, 4, 5, 10, 4, 5, 5, 10, 3, 3]
апр. 01, 2023 6:13:06 PM main main
INFO: [1, 4, 5, 10, 4, 5, 5, 10, 3, 3]
апр. 01, 2023 6:13:06 PM main main
INFO: [1, 4, 5, 10, 4, 5, 5, 10, 3, 3]
апр. 01, 2023 6:13:06 PM main main
INFO: [1, 4, 5, 10, 4, 5, 5, 10, 3, 3]
апр. 01, 2023 6:13:06 PM main main
INFO: Присвоил tmp для сортировки
апр. 01, 2023 6:13:06 PM main main
INFO: Значения меньшее убираю влево
апр. 01, 2023 6:13:06 PM main main
INFO: [1, 3, 5, 10, 4, 5, 5, 10, 4, 3]
апр. 01, 2023 6:13:06 PM main main
INFO: [1, 3, 5, 10, 4, 5, 5, 10, 4, 3]
апр. 01, 2023 6:13:06 PM main main
INFO: [1, 3, 5, 10, 4, 5, 5, 10, 4, 3]
апр. 01, 2023 6:13:06 PM main main
INFO: Присвоил tmp для сортировки
апр. 01, 2023 6:13:06 PM main main
INFO: Значения меньшее убираю влево
апр. 01, 2023 6:13:06 PM main main
INFO: [1, 3, 4, 10, 5, 5, 5, 10, 4, 3]
апр. 01, 2023 6:13:06 PM main main
INFO: [1, 3, 4, 10, 5, 5, 5, 10, 4, 3]
апр. 01, 2023 6:13:06 PM main main
INFO: [1, 3, 4, 10, 5, 5, 5, 10, 4, 3]
апр. 01, 2023 6:13:06 PM main main
INFO: [1, 3, 4, 10, 5, 5, 5, 10, 4, 3]
апр. 01, 2023 6:13:06 PM main main
INFO: [1, 3, 4, 10, 5, 5, 5, 10, 4, 3]
апр. 01, 2023 6:13:06 PM main main
INFO: Присвоил tmp для сортировки
апр. 01, 2023 6:13:06 PM main main
INFO: Значения меньшее убираю влево
апр. 01, 2023 6:13:06 PM main main
INFO: [1, 3, 3, 10, 5, 5, 5, 10, 4, 4]
апр. 01, 2023 6:13:06 PM main main
INFO: Присвоил tmp для сортировки
апр. 01, 2023 6:13:06 PM main main
INFO: Значения меньшее убираю влево
апр. 01, 2023 6:13:06 PM main main
INFO: [1, 3, 3, 5, 10, 5, 5, 10, 4, 4]
апр. 01, 2023 6:13:06 PM main main
INFO: [1, 3, 3, 5, 10, 5, 5, 10, 4, 4]
апр. 01, 2023 6:13:06 PM main main
INFO: [1, 3, 3, 5, 10, 5, 5, 10, 4, 4]
апр. 01, 2023 6:13:06 PM main main
INFO: [1, 3, 3, 5, 10, 5, 5, 10, 4, 4]
апр. 01, 2023 6:13:06 PM main main
INFO: Присвоил tmp для сортировки
апр. 01, 2023 6:13:06 PM main main
INFO: Значения меньшее убираю влево
апр. 01, 2023 6:13:06 PM main main
INFO: [1, 3, 3, 4, 10, 5, 5, 10, 5, 4]
апр. 01, 2023 6:13:06 PM main main
INFO: [1, 3, 3, 4, 10, 5, 5, 10, 5, 4]
апр. 01, 2023 6:13:06 PM main main
INFO: Присвоил tmp для сортировки
апр. 01, 2023 6:13:06 PM main main
INFO: Значения меньшее убираю влево
апр. 01, 2023 6:13:06 PM main main
INFO: [1, 3, 3, 4, 5, 10, 5, 10, 5, 4]
апр. 01, 2023 6:13:06 PM main main
INFO: [1, 3, 3, 4, 5, 10, 5, 10, 5, 4]
апр. 01, 2023 6:13:06 PM main main
INFO: [1, 3, 3, 4, 5, 10, 5, 10, 5, 4]
апр. 01, 2023 6:13:06 PM main main
INFO: [1, 3, 3, 4, 5, 10, 5, 10, 5, 4]
апр. 01, 2023 6:13:06 PM main main
INFO: Присвоил tmp для сортировки
апр. 01, 2023 6:13:06 PM main main
INFO: Значения меньшее убираю влево
апр. 01, 2023 6:13:06 PM main main
INFO: [1, 3, 3, 4, 4, 10, 5, 10, 5, 5]
апр. 01, 2023 6:13:06 PM main main
INFO: Присвоил tmp для сортировки
апр. 01, 2023 6:13:06 PM main main
INFO: Значения меньшее убираю влево
апр. 01, 2023 6:13:06 PM main main
INFO: [1, 3, 3, 4, 4, 5, 10, 10, 5, 5]
апр. 01, 2023 6:13:06 PM main main
INFO: [1, 3, 3, 4, 4, 5, 10, 10, 5, 5]
апр. 01, 2023 6:13:06 PM main main
INFO: [1, 3, 3, 4, 4, 5, 10, 10, 5, 5]
апр. 01, 2023 6:13:06 PM main main
INFO: [1, 3, 3, 4, 4, 5, 10, 10, 5, 5]
апр. 01, 2023 6:13:06 PM main main
INFO: [1, 3, 3, 4, 4, 5, 10, 10, 5, 5]
апр. 01, 2023 6:13:06 PM main main
INFO: Присвоил tmp для сортировки
апр. 01, 2023 6:13:06 PM main main
INFO: Значения меньшее убираю влево
апр. 01, 2023 6:13:06 PM main main
INFO: [1, 3, 3, 4, 4, 5, 5, 10, 10, 5]
апр. 01, 2023 6:13:06 PM main main
INFO: [1, 3, 3, 4, 4, 5, 5, 10, 10, 5]
апр. 01, 2023 6:13:06 PM main main
INFO: [1, 3, 3, 4, 4, 5, 5, 10, 10, 5]
апр. 01, 2023 6:13:06 PM main main
INFO: Присвоил tmp для сортировки
апр. 01, 2023 6:13:06 PM main main
INFO: Значения меньшее убираю влево
апр. 01, 2023 6:13:06 PM main main
INFO: [1, 3, 3, 4, 4, 5, 5, 5, 10, 10]
апр. 01, 2023 6:13:06 PM main main
INFO: [1, 3, 3, 4, 4, 5, 5, 5, 10, 10]
апр. 01, 2023 6:13:06 PM main main
INFO: Сортировка выполнина
апр. 01, 2023 6:13:06 PM main main
INFO: [1, 3, 3, 4, 4, 5, 5, 5, 10, 10]
